
                            < M A T L A B (R) >
                  Copyright 1984-2020 The MathWorks, Inc.
                  R2020a (9.8.0.1323502) 64-bit (glnxa64)
                             February 25, 2020

 
시작하려면 doc를 입력하십시오.
제품 정보는 www.mathworks.com을 방문하십시오.
 
Fitting model 32
Subject 1
no latents
Subject 2
no latents
Subject 3
no latents
Subject 4
no latents
Subject 5
no latents
Subject 6
no latents
Subject 7
no latents
Subject 8
no latents
Subject 9
no latents
Subject 10
no latents
Subject 11
no latents
Subject 12
no latents
Subject 13
no latents
Subject 14
no latents
Subject 15
no latents
Subject 16
no latents
Subject 17
no latents
Subject 18
no latents
Subject 19
no latents
Subject 20
no latents
Subject 21
no latents
Subject 22
no latents
Subject 23
no latents
Subject 24
no latents
Subject 25
no latents
Subject 26
no latents
Subject 27
no latents
Subject 28
no latents
Subject 29
no latents
Subject 30
no latents
Subject 31
no latents
Subject 32
no latents
Subject 33
no latents
Subject 34
no latents
Subject 35
no latents
Subject 36
no latents
Subject 37
no latents
Subject 38
no latents
Subject 39
no latents
Subject 40
no latents
Subject 41
no latents
Subject 42
no latents
Subject 43
no latents
Subject 44
no latents
Subject 45
no latents
Subject 46
no latents
Subject 47
no latents
Subject 48
no latents
Subject 49
no latents
Subject 50
no latents
Subject 51
no latents
Subject 52
no latents
Subject 53
no latents
Subject 54
no latents
Subject 55
no latents
Subject 56
no latents
Subject 57
no latents
Subject 58
no latents
Subject 59
no latents
Subject 60
no latents
Subject 61
no latents
Subject 62
no latents
Subject 63
no latents
Subject 64
no latents
Subject 65
no latents
Subject 66
no latents
Subject 67
no latents
Subject 68
no latents
Subject 69
no latents
Subject 70
no latents
Subject 71
no latents
Subject 72
no latents
Subject 73
no latents
Subject 74
no latents
Subject 75
no latents
Subject 76
no latents
Subject 77
no latents
Subject 78
no latents
Subject 79
no latents
Subject 80
no latents
Subject 81
no latents
Subject 82
no latents
Subject 83
no latents
Subject 84
no latents
Subject 85
no latents
Subject 86
no latents
Subject 87
no latents
Subject 88
no latents
Subject 89
no latents
Subject 90
no latents
Subject 91
no latents
Subject 92
no latents
Subject 93
no latents
Subject 94
no latents
Subject 95
no latents
Subject 96
no latents
Subject 97
no latents
Subject 98
no latents
Subject 99
no latents
Subject 100
no latents
Subject 101
no latents
Subject 102
no latents
Subject 103
no latents
Subject 104
no latents
Subject 105
no latents
Subject 106
no latents
Subject 107
no latents
Subject 108
no latents
Subject 109
no latents
Subject 110
no latents
Subject 111
no latents
Subject 112
no latents
Subject 113
no latents
Subject 114
no latents
Subject 115
no latents
Subject 116
no latents
Subject 117
no latents
Subject 118
no latents
Subject 119
no latents
Subject 120
no latents
Subject 121
no latents
Subject 122
no latents
Subject 123
no latents
Subject 124
no latents
Subject 125
no latents
Subject 126
no latents
Subject 127
no latents
Subject 128
no latents
Subject 129
no latents
Subject 130
no latents
Subject 131
no latents
Subject 132
no latents
Subject 133
no latents
Subject 134
no latents
Subject 135
no latents
Subject 136
no latents
Subject 137
no latents
Subject 138
no latents
Subject 139
no latents
Subject 140
no latents
Subject 141
no latents
Subject 142
no latents
Subject 143
no latents
Subject 144
no latents
Subject 145
no latents
Subject 146
no latents
Subject 147
no latents
Subject 148
no latents
Subject 149
no latents
Subject 150
no latents
Subject 151
no latents
Subject 152
no latents
Subject 153
no latents
Subject 154
no latents
Subject 155
no latents
Subject 156
no latents
Subject 157
no latents
Subject 158
no latents
Subject 159
no latents
Subject 160
no latents
Subject 161
no latents
Subject 162
no latents
Subject 163
no latents
Subject 164
no latents
Subject 165
no latents
Subject 166
no latents
Subject 167
no latents
Subject 168
no latents
Subject 169
no latents
Subject 170
no latents
Subject 171
no latents
Subject 172
no latents
Subject 173
no latents
Subject 174
no latents
Subject 175
no latents
Subject 176
no latents
Subject 177
no latents
Subject 178
no latents
Subject 179
no latents
Subject 180
no latents
Subject 181
no latents
Subject 182
no latents
Subject 183
no latents
Subject 184
no latents
